<?xml version="1.0" encoding="UTF-8"?>
<testng-results ignored="0" total="1" passed="1" failed="0" skipped="0">
  <reporter-output>
  </reporter-output>
  <suite started-at="2022-10-13T23:34:55 IST" name="Default suite" finished-at="2022-10-13T23:35:02 IST" duration-ms="6753">
    <groups>
    </groups>
    <test started-at="2022-10-13T23:34:55 IST" name="Default test" finished-at="2022-10-13T23:35:02 IST" duration-ms="6753">
      <class name="com.testing.TestRegistration">
        <test-method signature="registration()[pri:0, instance:com.testing.TestRegistration@55536d9e]" started-at="2022-10-13T23:34:55 IST" name="registration" finished-at="2022-10-13T23:35:02 IST" duration-ms="6703" status="PASS">
          <reporter-output>
          </reporter-output>
        </test-method> <!-- registration -->
      </class> <!-- com.testing.TestRegistration -->
    </test> <!-- Default test -->
  </suite> <!-- Default suite -->
</testng-results>
